<?xml version="1.0" encoding="UTF-8"?>
<!-- Generated by org.testng.reporters.JUnitReportReporter -->
<testsuite hostname="LAPTOP-HR3JTIVI" failures="0" tests="1" name="com.qa.testscripts.TC_SnapDeal_001" time="1.736" errors="0" timestamp="2021-12-31T16:09:06 IST" skipped="0">
  <testcase classname="com.qa.testscripts.TC_SnapDeal_001" name="searchItems" time="1.736"/>
  <system-out/>
</testsuite> <!-- com.qa.testscripts.TC_SnapDeal_001 -->
